The system is: Darwin - 20.3.0 - x86_64
Compiling the C compiler identification source file "CMakeCCompilerId.c" succeeded.
Compiler: /opt/local/bin/x86_64-apple-darwin20-gcc-10.2.0 
Build flags: 
Id flags:  

The output was:
0


Compilation of the C compiler identification source "CMakeCCompilerId.c" produced "a.out"

The C compiler identification is GNU, found in "/Users/wanaoi/home/source.d/C++/ITCServer/build/CMakeFiles/3.19.4/CompilerIdC/a.out"

Compiling the CXX compiler identification source file "CMakeCXXCompilerId.cpp" succeeded.
Compiler: /Library/Developer/CommandLineTools/usr/bin/c++ 
Build flags: 
Id flags: -c 

The output was:
0


Compilation of the CXX compiler identification source "CMakeCXXCompilerId.cpp" produced "CMakeCXXCompilerId.o"

The CXX compiler identification is AppleClang, found in "/Users/wanaoi/home/source.d/C++/ITCServer/build/CMakeFiles/3.19.4/CompilerIdCXX/CMakeCXXCompilerId.o"

Detecting C compiler ABI info compiled with the following output:
Change Dir: /Users/wanaoi/home/source.d/C++/ITCServer/build/CMakeFiles/CMakeTmp

Run Build Command(s):/usr/bin/make cmTC_6ac70/fast && /Library/Developer/CommandLineTools/usr/bin/make  -f CMakeFiles/cmTC_6ac70.dir/build.make CMakeFiles/cmTC_6ac70.dir/build
Building C object CMakeFiles/cmTC_6ac70.dir/CMakeCCompilerABI.c.o
/opt/local/bin/x86_64-apple-darwin20-gcc-10.2.0   -isysroot /Library/Developer/CommandLineTools/SDKs/MacOSX11.1.sdk   -v -Wl,-v -o CMakeFiles/cmTC_6ac70.dir/CMakeCCompilerABI.c.o -c /opt/local/share/cmake-3.19/Modules/CMakeCCompilerABI.c
Using built-in specs.
COLLECT_GCC=/opt/local/bin/x86_64-apple-darwin20-gcc-10.2.0
Target: x86_64-apple-darwin20
Configured with: /opt/local/var/macports/build/_opt_bblocal_var_buildworker_ports_build_ports_lang_gcc10/gcc10/work/gcc-10.2.0/configure --prefix=/opt/local --build=x86_64-apple-darwin20 --enable-languages=c,c++,objc,obj-c++,lto,fortran,jit --libdir=/opt/local/lib/gcc10 --includedir=/opt/local/include/gcc10 --infodir=/opt/local/share/info --mandir=/opt/local/share/man --datarootdir=/opt/local/share/gcc-10 --with-local-prefix=/opt/local --with-system-zlib --disable-nls --program-suffix=-mp-10 --with-gxx-include-dir=/opt/local/include/gcc10/c++/ --with-gmp=/opt/local --with-mpfr=/opt/local --with-mpc=/opt/local --with-isl=/opt/local --enable-stage1-checking --disable-multilib --enable-lto --enable-libstdcxx-time --with-build-config=bootstrap-debug --with-as=/opt/local/bin/as --with-ld=/opt/local/bin/ld --with-ar=/opt/local/bin/ar --with-bugurl=https://trac.macports.org/newticket --enable-host-shared --disable-tls --with-pkgversion='MacPorts gcc10 10.2.0_5' --with-sysroot=/Library/Developer/CommandLineTools/SDKs/MacOSX.sdk
Thread model: posix
Supported LTO compression algorithms: zlib
gcc version 10.2.0 (MacPorts gcc10 10.2.0_5) 
COLLECT_GCC_OPTIONS='-isysroot' '/Library/Developer/CommandLineTools/SDKs/MacOSX11.1.sdk' '-v' '-o' 'CMakeFiles/cmTC_6ac70.dir/CMakeCCompilerABI.c.o' '-c' '-mmacosx-version-min=11.0.0' '-asm_macosx_version_min=11.0' '-mtune=core2'
 /opt/local/libexec/gcc/x86_64-apple-darwin20/10.2.0/cc1 -quiet -v -D__DYNAMIC__ -isysroot /Library/Developer/CommandLineTools/SDKs/MacOSX11.1.sdk /opt/local/share/cmake-3.19/Modules/CMakeCCompilerABI.c -fPIC -quiet -dumpbase CMakeCCompilerABI.c -mmacosx-version-min=11.0.0 -mtune=core2 -auxbase-strip CMakeFiles/cmTC_6ac70.dir/CMakeCCompilerABI.c.o -version -o /var/folders/6n/w7v_2x9j1mjbkjdg4l2fw6_00000gn/T//ccnWg8wg.s
GNU C17 (MacPorts gcc10 10.2.0_5) version 10.2.0 (x86_64-apple-darwin20)
	compiled by GNU C version 10.2.0, GMP version 6.2.1, MPFR version 4.1.0, MPC version 1.2.1, isl version isl-0.22.1-GMP

GGC heuristics: --param ggc-min-expand=100 --param ggc-min-heapsize=131072
ignoring nonexistent directory "/Library/Developer/CommandLineTools/SDKs/MacOSX11.1.sdk/opt/local/include"
ignoring nonexistent directory "/opt/local/lib/gcc10/gcc/x86_64-apple-darwin20/10.2.0/../../../../../x86_64-apple-darwin20/include"
ignoring nonexistent directory "/Library/Developer/CommandLineTools/SDKs/MacOSX11.1.sdk/Library/Frameworks"
#include "..." search starts here:
#include <...> search starts here:
 /opt/local/lib/gcc10/gcc/x86_64-apple-darwin20/10.2.0/include
 /opt/local/lib/gcc10/gcc/x86_64-apple-darwin20/10.2.0/include-fixed
 /Library/Developer/CommandLineTools/SDKs/MacOSX11.1.sdk/usr/include
 /Library/Developer/CommandLineTools/SDKs/MacOSX11.1.sdk/System/Library/Frameworks
End of search list.
GNU C17 (MacPorts gcc10 10.2.0_5) version 10.2.0 (x86_64-apple-darwin20)
	compiled by GNU C version 10.2.0, GMP version 6.2.1, MPFR version 4.1.0, MPC version 1.2.1, isl version isl-0.22.1-GMP

GGC heuristics: --param ggc-min-expand=100 --param ggc-min-heapsize=131072
Compiler executable checksum: 75d2685b339d04f65483e537bb6a77fa
COLLECT_GCC_OPTIONS='-isysroot' '/Library/Developer/CommandLineTools/SDKs/MacOSX11.1.sdk' '-v' '-o' 'CMakeFiles/cmTC_6ac70.dir/CMakeCCompilerABI.c.o' '-c' '-mmacosx-version-min=11.0.0'  '-mtune=core2'
 /opt/local/bin/as -arch x86_64 -v -force_cpusubtype_ALL -mmacosx-version-min=11.0 -o CMakeFiles/cmTC_6ac70.dir/CMakeCCompilerABI.c.o /var/folders/6n/w7v_2x9j1mjbkjdg4l2fw6_00000gn/T//ccnWg8wg.s
Apple clang version 12.0.0 (clang-1200.0.32.29)
Target: x86_64-apple-darwin20.3.0
Thread model: posix
InstalledDir: /Library/Developer/CommandLineTools/usr/bin
 "/Library/Developer/CommandLineTools/usr/bin/clang" -cc1as -triple x86_64-apple-macosx11.0.0 -filetype obj -main-file-name ccnWg8wg.s -target-cpu penryn -fdebug-compilation-dir /Users/wanaoi/home/source.d/C++/ITCServer/build/CMakeFiles/CMakeTmp -dwarf-debug-producer "Apple clang version 12.0.0 (clang-1200.0.32.29)" -dwarf-version=4 -mrelocation-model pic -o CMakeFiles/cmTC_6ac70.dir/CMakeCCompilerABI.c.o /var/folders/6n/w7v_2x9j1mjbkjdg4l2fw6_00000gn/T//ccnWg8wg.s
COMPILER_PATH=/opt/local/libexec/gcc/x86_64-apple-darwin20/10.2.0/:/opt/local/libexec/gcc/x86_64-apple-darwin20/10.2.0/:/opt/local/libexec/gcc/x86_64-apple-darwin20/:/opt/local/lib/gcc10/gcc/x86_64-apple-darwin20/10.2.0/:/opt/local/lib/gcc10/gcc/x86_64-apple-darwin20/
LIBRARY_PATH=/opt/local/lib/gcc10/gcc/x86_64-apple-darwin20/10.2.0/:/opt/local/lib/gcc10/gcc/x86_64-apple-darwin20/10.2.0/../../../
COLLECT_GCC_OPTIONS='-isysroot' '/Library/Developer/CommandLineTools/SDKs/MacOSX11.1.sdk' '-v' '-o' 'CMakeFiles/cmTC_6ac70.dir/CMakeCCompilerABI.c.o' '-c' '-mmacosx-version-min=11.0.0'  '-mtune=core2'
Linking C executable cmTC_6ac70
/opt/local/bin/cmake -E cmake_link_script CMakeFiles/cmTC_6ac70.dir/link.txt --verbose=1
/opt/local/bin/x86_64-apple-darwin20-gcc-10.2.0  -isysroot /Library/Developer/CommandLineTools/SDKs/MacOSX11.1.sdk -Wl,-search_paths_first -Wl,-headerpad_max_install_names  -v -Wl,-v CMakeFiles/cmTC_6ac70.dir/CMakeCCompilerABI.c.o -o cmTC_6ac70 
Using built-in specs.
COLLECT_GCC=/opt/local/bin/x86_64-apple-darwin20-gcc-10.2.0
COLLECT_LTO_WRAPPER=/opt/local/libexec/gcc/x86_64-apple-darwin20/10.2.0/lto-wrapper
Target: x86_64-apple-darwin20
Configured with: /opt/local/var/macports/build/_opt_bblocal_var_buildworker_ports_build_ports_lang_gcc10/gcc10/work/gcc-10.2.0/configure --prefix=/opt/local --build=x86_64-apple-darwin20 --enable-languages=c,c++,objc,obj-c++,lto,fortran,jit --libdir=/opt/local/lib/gcc10 --includedir=/opt/local/include/gcc10 --infodir=/opt/local/share/info --mandir=/opt/local/share/man --datarootdir=/opt/local/share/gcc-10 --with-local-prefix=/opt/local --with-system-zlib --disable-nls --program-suffix=-mp-10 --with-gxx-include-dir=/opt/local/include/gcc10/c++/ --with-gmp=/opt/local --with-mpfr=/opt/local --with-mpc=/opt/local --with-isl=/opt/local --enable-stage1-checking --disable-multilib --enable-lto --enable-libstdcxx-time --with-build-config=bootstrap-debug --with-as=/opt/local/bin/as --with-ld=/opt/local/bin/ld --with-ar=/opt/local/bin/ar --with-bugurl=https://trac.macports.org/newticket --enable-host-shared --disable-tls --with-pkgversion='MacPorts gcc10 10.2.0_5' --with-sysroot=/Library/Developer/CommandLineTools/SDKs/MacOSX.sdk
Thread model: posix
Supported LTO compression algorithms: zlib
gcc version 10.2.0 (MacPorts gcc10 10.2.0_5) 
COMPILER_PATH=/opt/local/libexec/gcc/x86_64-apple-darwin20/10.2.0/:/opt/local/libexec/gcc/x86_64-apple-darwin20/10.2.0/:/opt/local/libexec/gcc/x86_64-apple-darwin20/:/opt/local/lib/gcc10/gcc/x86_64-apple-darwin20/10.2.0/:/opt/local/lib/gcc10/gcc/x86_64-apple-darwin20/
LIBRARY_PATH=/opt/local/lib/gcc10/gcc/x86_64-apple-darwin20/10.2.0/:/opt/local/lib/gcc10/gcc/x86_64-apple-darwin20/10.2.0/../../../
COLLECT_GCC_OPTIONS='-isysroot' '/Library/Developer/CommandLineTools/SDKs/MacOSX11.1.sdk' '-v' '-o' 'cmTC_6ac70' '-mmacosx-version-min=11.0.0' '-asm_macosx_version_min=11.0' '-mtune=core2'
 /opt/local/libexec/gcc/x86_64-apple-darwin20/10.2.0/collect2 -dynamic -arch x86_64 -macosx_version_min 11.0.0 -syslibroot /Library/Developer/CommandLineTools/SDKs/MacOSX11.1.sdk -weak_reference_mismatches non-weak -o cmTC_6ac70 -L/opt/local/lib/gcc10/gcc/x86_64-apple-darwin20/10.2.0 -L/opt/local/lib/gcc10/gcc/x86_64-apple-darwin20/10.2.0/../../.. -search_paths_first -headerpad_max_install_names -v CMakeFiles/cmTC_6ac70.dir/CMakeCCompilerABI.c.o -lSystem -lgcc_ext.10.5 -lgcc -lSystem -no_compact_unwind -v
collect2 version 10.2.0
/opt/local/bin/ld -dynamic -arch x86_64 -macosx_version_min 11.0.0 -syslibroot /Library/Developer/CommandLineTools/SDKs/MacOSX11.1.sdk -weak_reference_mismatches non-weak -o cmTC_6ac70 -L/opt/local/lib/gcc10/gcc/x86_64-apple-darwin20/10.2.0 -L/opt/local/lib/gcc10/gcc/x86_64-apple-darwin20/10.2.0/../../.. -search_paths_first -headerpad_max_install_names -v CMakeFiles/cmTC_6ac70.dir/CMakeCCompilerABI.c.o -lSystem -lgcc_ext.10.5 -lgcc -lSystem -no_compact_unwind -v
@(#)PROGRAM:ld  PROJECT:ld64-609.8
BUILD 15:07:46 Dec 18 2020
configured to support archs: armv6 armv7 armv7s arm64 arm64e arm64_32 i386 x86_64 x86_64h armv6m armv7k armv7m armv7em
@(#)PROGRAM:ld  PROJECT:ld64-609.8
BUILD 15:07:46 Dec 18 2020
configured to support archs: armv6 armv7 armv7s arm64 arm64e arm64_32 i386 x86_64 x86_64h armv6m armv7k armv7m armv7em
Library search paths:
	/opt/local/lib/gcc10/gcc/x86_64-apple-darwin20/10.2.0
	/opt/local/lib/gcc10
	/Library/Developer/CommandLineTools/SDKs/MacOSX11.1.sdk/usr/lib
Framework search paths:
	/Library/Developer/CommandLineTools/SDKs/MacOSX11.1.sdk/System/Library/Frameworks/



Parsed C implicit include dir info from above output: rv=done
  found start of include info
  found start of implicit include info
    add: [/opt/local/lib/gcc10/gcc/x86_64-apple-darwin20/10.2.0/include]
    add: [/opt/local/lib/gcc10/gcc/x86_64-apple-darwin20/10.2.0/include-fixed]
    add: [/Library/Developer/CommandLineTools/SDKs/MacOSX11.1.sdk/usr/include]
    add: [/Library/Developer/CommandLineTools/SDKs/MacOSX11.1.sdk/System/Library/Frameworks]
  end of search list found
  collapse include dir [/opt/local/lib/gcc10/gcc/x86_64-apple-darwin20/10.2.0/include] ==> [/opt/local/lib/gcc10/gcc/x86_64-apple-darwin20/10.2.0/include]
  collapse include dir [/opt/local/lib/gcc10/gcc/x86_64-apple-darwin20/10.2.0/include-fixed] ==> [/opt/local/lib/gcc10/gcc/x86_64-apple-darwin20/10.2.0/include-fixed]
  collapse include dir [/Library/Developer/CommandLineTools/SDKs/MacOSX11.1.sdk/usr/include] ==> [/Library/Developer/CommandLineTools/SDKs/MacOSX11.1.sdk/usr/include]
  collapse include dir [/Library/Developer/CommandLineTools/SDKs/MacOSX11.1.sdk/System/Library/Frameworks] ==> [/Library/Developer/CommandLineTools/SDKs/MacOSX11.1.sdk/System/Library/Frameworks]
  implicit include dirs: [/opt/local/lib/gcc10/gcc/x86_64-apple-darwin20/10.2.0/include;/opt/local/lib/gcc10/gcc/x86_64-apple-darwin20/10.2.0/include-fixed;/Library/Developer/CommandLineTools/SDKs/MacOSX11.1.sdk/usr/include;/Library/Developer/CommandLineTools/SDKs/MacOSX11.1.sdk/System/Library/Frameworks]


Parsed C implicit link information from above output:
  link line regex: [^( *|.*[/\])(ld|CMAKE_LINK_STARTFILE-NOTFOUND|([^/\]+-)?ld|collect2)[^/\]*( |$)]
  ignore line: [Change Dir: /Users/wanaoi/home/source.d/C++/ITCServer/build/CMakeFiles/CMakeTmp]
  ignore line: []
  ignore line: [Run Build Command(s):/usr/bin/make cmTC_6ac70/fast && /Library/Developer/CommandLineTools/usr/bin/make  -f CMakeFiles/cmTC_6ac70.dir/build.make CMakeFiles/cmTC_6ac70.dir/build]
  ignore line: [Building C object CMakeFiles/cmTC_6ac70.dir/CMakeCCompilerABI.c.o]
  ignore line: [/opt/local/bin/x86_64-apple-darwin20-gcc-10.2.0   -isysroot /Library/Developer/CommandLineTools/SDKs/MacOSX11.1.sdk   -v -Wl -v -o CMakeFiles/cmTC_6ac70.dir/CMakeCCompilerABI.c.o -c /opt/local/share/cmake-3.19/Modules/CMakeCCompilerABI.c]
  ignore line: [Using built-in specs.]
  ignore line: [COLLECT_GCC=/opt/local/bin/x86_64-apple-darwin20-gcc-10.2.0]
  ignore line: [Target: x86_64-apple-darwin20]
  ignore line: [Configured with: /opt/local/var/macports/build/_opt_bblocal_var_buildworker_ports_build_ports_lang_gcc10/gcc10/work/gcc-10.2.0/configure --prefix=/opt/local --build=x86_64-apple-darwin20 --enable-languages=c,c++,objc,obj-c++,lto,fortran,jit --libdir=/opt/local/lib/gcc10 --includedir=/opt/local/include/gcc10 --infodir=/opt/local/share/info --mandir=/opt/local/share/man --datarootdir=/opt/local/share/gcc-10 --with-local-prefix=/opt/local --with-system-zlib --disable-nls --program-suffix=-mp-10 --with-gxx-include-dir=/opt/local/include/gcc10/c++/ --with-gmp=/opt/local --with-mpfr=/opt/local --with-mpc=/opt/local --with-isl=/opt/local --enable-stage1-checking --disable-multilib --enable-lto --enable-libstdcxx-time --with-build-config=bootstrap-debug --with-as=/opt/local/bin/as --with-ld=/opt/local/bin/ld --with-ar=/opt/local/bin/ar --with-bugurl=https://trac.macports.org/newticket --enable-host-shared --disable-tls --with-pkgversion='MacPorts gcc10 10.2.0_5' --with-sysroot=/Library/Developer/CommandLineTools/SDKs/MacOSX.sdk]
  ignore line: [Thread model: posix]
  ignore line: [Supported LTO compression algorithms: zlib]
  ignore line: [gcc version 10.2.0 (MacPorts gcc10 10.2.0_5) ]
  ignore line: [COLLECT_GCC_OPTIONS='-isysroot' '/Library/Developer/CommandLineTools/SDKs/MacOSX11.1.sdk' '-v' '-o' 'CMakeFiles/cmTC_6ac70.dir/CMakeCCompilerABI.c.o' '-c' '-mmacosx-version-min=11.0.0' '-asm_macosx_version_min=11.0' '-mtune=core2']
  ignore line: [ /opt/local/libexec/gcc/x86_64-apple-darwin20/10.2.0/cc1 -quiet -v -D__DYNAMIC__ -isysroot /Library/Developer/CommandLineTools/SDKs/MacOSX11.1.sdk /opt/local/share/cmake-3.19/Modules/CMakeCCompilerABI.c -fPIC -quiet -dumpbase CMakeCCompilerABI.c -mmacosx-version-min=11.0.0 -mtune=core2 -auxbase-strip CMakeFiles/cmTC_6ac70.dir/CMakeCCompilerABI.c.o -version -o /var/folders/6n/w7v_2x9j1mjbkjdg4l2fw6_00000gn/T//ccnWg8wg.s]
  ignore line: [GNU C17 (MacPorts gcc10 10.2.0_5) version 10.2.0 (x86_64-apple-darwin20)]
  ignore line: [	compiled by GNU C version 10.2.0  GMP version 6.2.1  MPFR version 4.1.0  MPC version 1.2.1  isl version isl-0.22.1-GMP]
  ignore line: []
  ignore line: [GGC heuristics: --param ggc-min-expand=100 --param ggc-min-heapsize=131072]
  ignore line: [ignoring nonexistent directory "/Library/Developer/CommandLineTools/SDKs/MacOSX11.1.sdk/opt/local/include"]
  ignore line: [ignoring nonexistent directory "/opt/local/lib/gcc10/gcc/x86_64-apple-darwin20/10.2.0/../../../../../x86_64-apple-darwin20/include"]
  ignore line: [ignoring nonexistent directory "/Library/Developer/CommandLineTools/SDKs/MacOSX11.1.sdk/Library/Frameworks"]
  ignore line: [#include "..." search starts here:]
  ignore line: [#include <...> search starts here:]
  ignore line: [ /opt/local/lib/gcc10/gcc/x86_64-apple-darwin20/10.2.0/include]
  ignore line: [ /opt/local/lib/gcc10/gcc/x86_64-apple-darwin20/10.2.0/include-fixed]
  ignore line: [ /Library/Developer/CommandLineTools/SDKs/MacOSX11.1.sdk/usr/include]
  ignore line: [ /Library/Developer/CommandLineTools/SDKs/MacOSX11.1.sdk/System/Library/Frameworks]
  ignore line: [End of search list.]
  ignore line: [GNU C17 (MacPorts gcc10 10.2.0_5) version 10.2.0 (x86_64-apple-darwin20)]
  ignore line: [	compiled by GNU C version 10.2.0  GMP version 6.2.1  MPFR version 4.1.0  MPC version 1.2.1  isl version isl-0.22.1-GMP]
  ignore line: []
  ignore line: [GGC heuristics: --param ggc-min-expand=100 --param ggc-min-heapsize=131072]
  ignore line: [Compiler executable checksum: 75d2685b339d04f65483e537bb6a77fa]
  ignore line: [COLLECT_GCC_OPTIONS='-isysroot' '/Library/Developer/CommandLineTools/SDKs/MacOSX11.1.sdk' '-v' '-o' 'CMakeFiles/cmTC_6ac70.dir/CMakeCCompilerABI.c.o' '-c' '-mmacosx-version-min=11.0.0'  '-mtune=core2']
  ignore line: [ /opt/local/bin/as -arch x86_64 -v -force_cpusubtype_ALL -mmacosx-version-min=11.0 -o CMakeFiles/cmTC_6ac70.dir/CMakeCCompilerABI.c.o /var/folders/6n/w7v_2x9j1mjbkjdg4l2fw6_00000gn/T//ccnWg8wg.s]
  ignore line: [Apple clang version 12.0.0 (clang-1200.0.32.29)]
  ignore line: [Target: x86_64-apple-darwin20.3.0]
  ignore line: [Thread model: posix]
  ignore line: [InstalledDir: /Library/Developer/CommandLineTools/usr/bin]
  ignore line: [ "/Library/Developer/CommandLineTools/usr/bin/clang" -cc1as -triple x86_64-apple-macosx11.0.0 -filetype obj -main-file-name ccnWg8wg.s -target-cpu penryn -fdebug-compilation-dir /Users/wanaoi/home/source.d/C++/ITCServer/build/CMakeFiles/CMakeTmp -dwarf-debug-producer "Apple clang version 12.0.0 (clang-1200.0.32.29)" -dwarf-version=4 -mrelocation-model pic -o CMakeFiles/cmTC_6ac70.dir/CMakeCCompilerABI.c.o /var/folders/6n/w7v_2x9j1mjbkjdg4l2fw6_00000gn/T//ccnWg8wg.s]
  ignore line: [COMPILER_PATH=/opt/local/libexec/gcc/x86_64-apple-darwin20/10.2.0/:/opt/local/libexec/gcc/x86_64-apple-darwin20/10.2.0/:/opt/local/libexec/gcc/x86_64-apple-darwin20/:/opt/local/lib/gcc10/gcc/x86_64-apple-darwin20/10.2.0/:/opt/local/lib/gcc10/gcc/x86_64-apple-darwin20/]
  ignore line: [LIBRARY_PATH=/opt/local/lib/gcc10/gcc/x86_64-apple-darwin20/10.2.0/:/opt/local/lib/gcc10/gcc/x86_64-apple-darwin20/10.2.0/../../../]
  ignore line: [COLLECT_GCC_OPTIONS='-isysroot' '/Library/Developer/CommandLineTools/SDKs/MacOSX11.1.sdk' '-v' '-o' 'CMakeFiles/cmTC_6ac70.dir/CMakeCCompilerABI.c.o' '-c' '-mmacosx-version-min=11.0.0'  '-mtune=core2']
  ignore line: [Linking C executable cmTC_6ac70]
  ignore line: [/opt/local/bin/cmake -E cmake_link_script CMakeFiles/cmTC_6ac70.dir/link.txt --verbose=1]
  ignore line: [/opt/local/bin/x86_64-apple-darwin20-gcc-10.2.0  -isysroot /Library/Developer/CommandLineTools/SDKs/MacOSX11.1.sdk -Wl -search_paths_first -Wl -headerpad_max_install_names  -v -Wl -v CMakeFiles/cmTC_6ac70.dir/CMakeCCompilerABI.c.o -o cmTC_6ac70 ]
  ignore line: [Using built-in specs.]
  ignore line: [COLLECT_GCC=/opt/local/bin/x86_64-apple-darwin20-gcc-10.2.0]
  ignore line: [COLLECT_LTO_WRAPPER=/opt/local/libexec/gcc/x86_64-apple-darwin20/10.2.0/lto-wrapper]
  ignore line: [Target: x86_64-apple-darwin20]
  ignore line: [Configured with: /opt/local/var/macports/build/_opt_bblocal_var_buildworker_ports_build_ports_lang_gcc10/gcc10/work/gcc-10.2.0/configure --prefix=/opt/local --build=x86_64-apple-darwin20 --enable-languages=c,c++,objc,obj-c++,lto,fortran,jit --libdir=/opt/local/lib/gcc10 --includedir=/opt/local/include/gcc10 --infodir=/opt/local/share/info --mandir=/opt/local/share/man --datarootdir=/opt/local/share/gcc-10 --with-local-prefix=/opt/local --with-system-zlib --disable-nls --program-suffix=-mp-10 --with-gxx-include-dir=/opt/local/include/gcc10/c++/ --with-gmp=/opt/local --with-mpfr=/opt/local --with-mpc=/opt/local --with-isl=/opt/local --enable-stage1-checking --disable-multilib --enable-lto --enable-libstdcxx-time --with-build-config=bootstrap-debug --with-as=/opt/local/bin/as --with-ld=/opt/local/bin/ld --with-ar=/opt/local/bin/ar --with-bugurl=https://trac.macports.org/newticket --enable-host-shared --disable-tls --with-pkgversion='MacPorts gcc10 10.2.0_5' --with-sysroot=/Library/Developer/CommandLineTools/SDKs/MacOSX.sdk]
  ignore line: [Thread model: posix]
  ignore line: [Supported LTO compression algorithms: zlib]
  ignore line: [gcc version 10.2.0 (MacPorts gcc10 10.2.0_5) ]
  ignore line: [COMPILER_PATH=/opt/local/libexec/gcc/x86_64-apple-darwin20/10.2.0/:/opt/local/libexec/gcc/x86_64-apple-darwin20/10.2.0/:/opt/local/libexec/gcc/x86_64-apple-darwin20/:/opt/local/lib/gcc10/gcc/x86_64-apple-darwin20/10.2.0/:/opt/local/lib/gcc10/gcc/x86_64-apple-darwin20/]
  ignore line: [LIBRARY_PATH=/opt/local/lib/gcc10/gcc/x86_64-apple-darwin20/10.2.0/:/opt/local/lib/gcc10/gcc/x86_64-apple-darwin20/10.2.0/../../../]
  ignore line: [COLLECT_GCC_OPTIONS='-isysroot' '/Library/Developer/CommandLineTools/SDKs/MacOSX11.1.sdk' '-v' '-o' 'cmTC_6ac70' '-mmacosx-version-min=11.0.0' '-asm_macosx_version_min=11.0' '-mtune=core2']
  link line: [ /opt/local/libexec/gcc/x86_64-apple-darwin20/10.2.0/collect2 -dynamic -arch x86_64 -macosx_version_min 11.0.0 -syslibroot /Library/Developer/CommandLineTools/SDKs/MacOSX11.1.sdk -weak_reference_mismatches non-weak -o cmTC_6ac70 -L/opt/local/lib/gcc10/gcc/x86_64-apple-darwin20/10.2.0 -L/opt/local/lib/gcc10/gcc/x86_64-apple-darwin20/10.2.0/../../.. -search_paths_first -headerpad_max_install_names -v CMakeFiles/cmTC_6ac70.dir/CMakeCCompilerABI.c.o -lSystem -lgcc_ext.10.5 -lgcc -lSystem -no_compact_unwind -v]
    arg [/opt/local/libexec/gcc/x86_64-apple-darwin20/10.2.0/collect2] ==> ignore
    arg [-dynamic] ==> ignore
    arg [-arch] ==> ignore
    arg [x86_64] ==> ignore
    arg [-macosx_version_min] ==> ignore
    arg [11.0.0] ==> ignore
    arg [-syslibroot] ==> ignore
    arg [/Library/Developer/CommandLineTools/SDKs/MacOSX11.1.sdk] ==> ignore
    arg [-weak_reference_mismatches] ==> ignore
    arg [non-weak] ==> ignore
    arg [-o] ==> ignore
    arg [cmTC_6ac70] ==> ignore
    arg [-L/opt/local/lib/gcc10/gcc/x86_64-apple-darwin20/10.2.0] ==> dir [/opt/local/lib/gcc10/gcc/x86_64-apple-darwin20/10.2.0]
    arg [-L/opt/local/lib/gcc10/gcc/x86_64-apple-darwin20/10.2.0/../../..] ==> dir [/opt/local/lib/gcc10/gcc/x86_64-apple-darwin20/10.2.0/../../..]
    arg [-search_paths_first] ==> ignore
    arg [-headerpad_max_install_names] ==> ignore
    arg [-v] ==> ignore
    arg [CMakeFiles/cmTC_6ac70.dir/CMakeCCompilerABI.c.o] ==> ignore
    arg [-lSystem] ==> lib [System]
    arg [-lgcc_ext.10.5] ==> lib [gcc_ext.10.5]
    arg [-lgcc] ==> lib [gcc]
    arg [-lSystem] ==> lib [System]
    arg [-no_compact_unwind] ==> ignore
    arg [-v] ==> ignore
  Library search paths: [;/opt/local/lib/gcc10/gcc/x86_64-apple-darwin20/10.2.0;/opt/local/lib/gcc10;/Library/Developer/CommandLineTools/SDKs/MacOSX11.1.sdk/usr/lib]
  Framework search paths: [;/Library/Developer/CommandLineTools/SDKs/MacOSX11.1.sdk/System/Library/Frameworks/]
  remove lib [System]
  remove lib [System]
  collapse library dir [/opt/local/lib/gcc10/gcc/x86_64-apple-darwin20/10.2.0] ==> [/opt/local/lib/gcc10/gcc/x86_64-apple-darwin20/10.2.0]
  collapse library dir [/opt/local/lib/gcc10/gcc/x86_64-apple-darwin20/10.2.0/../../..] ==> [/opt/local/lib/gcc10]
  collapse library dir [/opt/local/lib/gcc10/gcc/x86_64-apple-darwin20/10.2.0] ==> [/opt/local/lib/gcc10/gcc/x86_64-apple-darwin20/10.2.0]
  collapse library dir [/opt/local/lib/gcc10] ==> [/opt/local/lib/gcc10]
  collapse library dir [/Library/Developer/CommandLineTools/SDKs/MacOSX11.1.sdk/usr/lib] ==> [/Library/Developer/CommandLineTools/SDKs/MacOSX11.1.sdk/usr/lib]
  collapse framework dir [/Library/Developer/CommandLineTools/SDKs/MacOSX11.1.sdk/System/Library/Frameworks/] ==> [/Library/Developer/CommandLineTools/SDKs/MacOSX11.1.sdk/System/Library/Frameworks]
  implicit libs: [gcc_ext.10.5;gcc]
  implicit dirs: [/opt/local/lib/gcc10/gcc/x86_64-apple-darwin20/10.2.0;/opt/local/lib/gcc10;/Library/Developer/CommandLineTools/SDKs/MacOSX11.1.sdk/usr/lib]
  implicit fwks: [/Library/Developer/CommandLineTools/SDKs/MacOSX11.1.sdk/System/Library/Frameworks]


Detecting CXX compiler ABI info compiled with the following output:
Change Dir: /Users/wanaoi/home/source.d/C++/ITCServer/build/CMakeFiles/CMakeTmp

Run Build Command(s):/usr/bin/make cmTC_37eaf/fast && /Library/Developer/CommandLineTools/usr/bin/make  -f CMakeFiles/cmTC_37eaf.dir/build.make CMakeFiles/cmTC_37eaf.dir/build
Building CXX object CMakeFiles/cmTC_37eaf.dir/CMakeCXXCompilerABI.cpp.o
/Library/Developer/CommandLineTools/usr/bin/c++   -isysroot /Library/Developer/CommandLineTools/SDKs/MacOSX11.1.sdk   -v -Wl,-v -o CMakeFiles/cmTC_37eaf.dir/CMakeCXXCompilerABI.cpp.o -c /opt/local/share/cmake-3.19/Modules/CMakeCXXCompilerABI.cpp
Apple clang version 12.0.0 (clang-1200.0.32.29)
Target: x86_64-apple-darwin20.3.0
Thread model: posix
InstalledDir: /Library/Developer/CommandLineTools/usr/bin
clang: warning: -Wl,-v: 'linker' input unused [-Wunused-command-line-argument]
ignoring nonexistent directory "/Library/Developer/CommandLineTools/SDKs/MacOSX11.1.sdk/usr/include/c++/v1"
 "/Library/Developer/CommandLineTools/usr/bin/clang" -cc1 -triple x86_64-apple-macosx11.0.0 -Wdeprecated-objc-isa-usage -Werror=deprecated-objc-isa-usage -Werror=implicit-function-declaration -emit-obj -mrelax-all -disable-free -disable-llvm-verifier -discard-value-names -main-file-name CMakeCXXCompilerABI.cpp -mrelocation-model pic -pic-level 2 -mthread-model posix -mframe-pointer=all -fno-strict-return -masm-verbose -munwind-tables -target-sdk-version=11.1 -target-cpu penryn -dwarf-column-info -debugger-tuning=lldb -target-linker-version 609.8 -v -resource-dir /Library/Developer/CommandLineTools/usr/lib/clang/12.0.0 -isysroot /Library/Developer/CommandLineTools/SDKs/MacOSX11.1.sdk -stdlib=libc++ -internal-isystem /Library/Developer/CommandLineTools/usr/bin/../include/c++/v1 -internal-isystem /Library/Developer/CommandLineTools/SDKs/MacOSX11.1.sdk/usr/local/include -internal-isystem /Library/Developer/CommandLineTools/usr/lib/clang/12.0.0/include -internal-externc-isystem /Library/Developer/CommandLineTools/SDKs/MacOSX11.1.sdk/usr/include -internal-externc-isystem /Library/Developer/CommandLineTools/usr/include -Wno-reorder-init-list -Wno-implicit-int-float-conversion -Wno-c99-designator -Wno-final-dtor-non-final-class -Wno-extra-semi-stmt -Wno-misleading-indentation -Wno-quoted-include-in-framework-header -Wno-implicit-fallthrough -Wno-enum-enum-conversion -Wno-enum-float-conversion -fdeprecated-macro -fdebug-compilation-dir /Users/wanaoi/home/source.d/C++/ITCServer/build/CMakeFiles/CMakeTmp -ferror-limit 19 -fmessage-length 0 -stack-protector 1 -fstack-check -mdarwin-stkchk-strong-link -fblocks -fencode-extended-block-signature -fregister-global-dtors-with-atexit -fgnuc-version=4.2.1 -fobjc-runtime=macosx-11.0.0 -fcxx-exceptions -fexceptions -fmax-type-align=16 -fdiagnostics-show-option -o CMakeFiles/cmTC_37eaf.dir/CMakeCXXCompilerABI.cpp.o -x c++ /opt/local/share/cmake-3.19/Modules/CMakeCXXCompilerABI.cpp
clang -cc1 version 12.0.0 (clang-1200.0.32.29) default target x86_64-apple-darwin20.3.0
ignoring nonexistent directory "/Library/Developer/CommandLineTools/SDKs/MacOSX11.1.sdk/usr/local/include"
ignoring nonexistent directory "/Library/Developer/CommandLineTools/SDKs/MacOSX11.1.sdk/Library/Frameworks"
#include "..." search starts here:
#include <...> search starts here:
 /Library/Developer/CommandLineTools/usr/bin/../include/c++/v1
 /Library/Developer/CommandLineTools/usr/lib/clang/12.0.0/include
 /Library/Developer/CommandLineTools/SDKs/MacOSX11.1.sdk/usr/include
 /Library/Developer/CommandLineTools/usr/include
 /Library/Developer/CommandLineTools/SDKs/MacOSX11.1.sdk/System/Library/Frameworks (framework directory)
End of search list.
Linking CXX executable cmTC_37eaf
/opt/local/bin/cmake -E cmake_link_script CMakeFiles/cmTC_37eaf.dir/link.txt --verbose=1
/Library/Developer/CommandLineTools/usr/bin/c++  -isysroot /Library/Developer/CommandLineTools/SDKs/MacOSX11.1.sdk -Wl,-search_paths_first -Wl,-headerpad_max_install_names  -v -Wl,-v CMakeFiles/cmTC_37eaf.dir/CMakeCXXCompilerABI.cpp.o -o cmTC_37eaf 
Apple clang version 12.0.0 (clang-1200.0.32.29)
Target: x86_64-apple-darwin20.3.0
Thread model: posix
InstalledDir: /Library/Developer/CommandLineTools/usr/bin
 "/Library/Developer/CommandLineTools/usr/bin/ld" -demangle -lto_library /Library/Developer/CommandLineTools/usr/lib/libLTO.dylib -dynamic -arch x86_64 -platform_version macos 11.0.0 11.1 -syslibroot /Library/Developer/CommandLineTools/SDKs/MacOSX11.1.sdk -o cmTC_37eaf -search_paths_first -headerpad_max_install_names -v CMakeFiles/cmTC_37eaf.dir/CMakeCXXCompilerABI.cpp.o -lc++ -lSystem /Library/Developer/CommandLineTools/usr/lib/clang/12.0.0/lib/darwin/libclang_rt.osx.a
@(#)PROGRAM:ld  PROJECT:ld64-609.8
BUILD 15:07:46 Dec 18 2020
configured to support archs: armv6 armv7 armv7s arm64 arm64e arm64_32 i386 x86_64 x86_64h armv6m armv7k armv7m armv7em
Library search paths:
	/Library/Developer/CommandLineTools/SDKs/MacOSX11.1.sdk/usr/lib
Framework search paths:
	/Library/Developer/CommandLineTools/SDKs/MacOSX11.1.sdk/System/Library/Frameworks/



Parsed CXX implicit include dir info from above output: rv=done
  found start of include info
  found start of implicit include info
    add: [/Library/Developer/CommandLineTools/usr/bin/../include/c++/v1]
    add: [/Library/Developer/CommandLineTools/usr/lib/clang/12.0.0/include]
    add: [/Library/Developer/CommandLineTools/SDKs/MacOSX11.1.sdk/usr/include]
    add: [/Library/Developer/CommandLineTools/usr/include]
  end of search list found
  collapse include dir [/Library/Developer/CommandLineTools/usr/bin/../include/c++/v1] ==> [/Library/Developer/CommandLineTools/usr/include/c++/v1]
  collapse include dir [/Library/Developer/CommandLineTools/usr/lib/clang/12.0.0/include] ==> [/Library/Developer/CommandLineTools/usr/lib/clang/12.0.0/include]
  collapse include dir [/Library/Developer/CommandLineTools/SDKs/MacOSX11.1.sdk/usr/include] ==> [/Library/Developer/CommandLineTools/SDKs/MacOSX11.1.sdk/usr/include]
  collapse include dir [/Library/Developer/CommandLineTools/usr/include] ==> [/Library/Developer/CommandLineTools/usr/include]
  implicit include dirs: [/Library/Developer/CommandLineTools/usr/include/c++/v1;/Library/Developer/CommandLineTools/usr/lib/clang/12.0.0/include;/Library/Developer/CommandLineTools/SDKs/MacOSX11.1.sdk/usr/include;/Library/Developer/CommandLineTools/usr/include]


Parsed CXX implicit link information from above output:
  link line regex: [^( *|.*[/\])(ld|CMAKE_LINK_STARTFILE-NOTFOUND|([^/\]+-)?ld|collect2)[^/\]*( |$)]
  ignore line: [Change Dir: /Users/wanaoi/home/source.d/C++/ITCServer/build/CMakeFiles/CMakeTmp]
  ignore line: []
  ignore line: [Run Build Command(s):/usr/bin/make cmTC_37eaf/fast && /Library/Developer/CommandLineTools/usr/bin/make  -f CMakeFiles/cmTC_37eaf.dir/build.make CMakeFiles/cmTC_37eaf.dir/build]
  ignore line: [Building CXX object CMakeFiles/cmTC_37eaf.dir/CMakeCXXCompilerABI.cpp.o]
  ignore line: [/Library/Developer/CommandLineTools/usr/bin/c++   -isysroot /Library/Developer/CommandLineTools/SDKs/MacOSX11.1.sdk   -v -Wl -v -o CMakeFiles/cmTC_37eaf.dir/CMakeCXXCompilerABI.cpp.o -c /opt/local/share/cmake-3.19/Modules/CMakeCXXCompilerABI.cpp]
  ignore line: [Apple clang version 12.0.0 (clang-1200.0.32.29)]
  ignore line: [Target: x86_64-apple-darwin20.3.0]
  ignore line: [Thread model: posix]
  ignore line: [InstalledDir: /Library/Developer/CommandLineTools/usr/bin]
  ignore line: [clang: warning: -Wl -v: 'linker' input unused [-Wunused-command-line-argument]]
  ignore line: [ignoring nonexistent directory "/Library/Developer/CommandLineTools/SDKs/MacOSX11.1.sdk/usr/include/c++/v1"]
  ignore line: [ "/Library/Developer/CommandLineTools/usr/bin/clang" -cc1 -triple x86_64-apple-macosx11.0.0 -Wdeprecated-objc-isa-usage -Werror=deprecated-objc-isa-usage -Werror=implicit-function-declaration -emit-obj -mrelax-all -disable-free -disable-llvm-verifier -discard-value-names -main-file-name CMakeCXXCompilerABI.cpp -mrelocation-model pic -pic-level 2 -mthread-model posix -mframe-pointer=all -fno-strict-return -masm-verbose -munwind-tables -target-sdk-version=11.1 -target-cpu penryn -dwarf-column-info -debugger-tuning=lldb -target-linker-version 609.8 -v -resource-dir /Library/Developer/CommandLineTools/usr/lib/clang/12.0.0 -isysroot /Library/Developer/CommandLineTools/SDKs/MacOSX11.1.sdk -stdlib=libc++ -internal-isystem /Library/Developer/CommandLineTools/usr/bin/../include/c++/v1 -internal-isystem /Library/Developer/CommandLineTools/SDKs/MacOSX11.1.sdk/usr/local/include -internal-isystem /Library/Developer/CommandLineTools/usr/lib/clang/12.0.0/include -internal-externc-isystem /Library/Developer/CommandLineTools/SDKs/MacOSX11.1.sdk/usr/include -internal-externc-isystem /Library/Developer/CommandLineTools/usr/include -Wno-reorder-init-list -Wno-implicit-int-float-conversion -Wno-c99-designator -Wno-final-dtor-non-final-class -Wno-extra-semi-stmt -Wno-misleading-indentation -Wno-quoted-include-in-framework-header -Wno-implicit-fallthrough -Wno-enum-enum-conversion -Wno-enum-float-conversion -fdeprecated-macro -fdebug-compilation-dir /Users/wanaoi/home/source.d/C++/ITCServer/build/CMakeFiles/CMakeTmp -ferror-limit 19 -fmessage-length 0 -stack-protector 1 -fstack-check -mdarwin-stkchk-strong-link -fblocks -fencode-extended-block-signature -fregister-global-dtors-with-atexit -fgnuc-version=4.2.1 -fobjc-runtime=macosx-11.0.0 -fcxx-exceptions -fexceptions -fmax-type-align=16 -fdiagnostics-show-option -o CMakeFiles/cmTC_37eaf.dir/CMakeCXXCompilerABI.cpp.o -x c++ /opt/local/share/cmake-3.19/Modules/CMakeCXXCompilerABI.cpp]
  ignore line: [clang -cc1 version 12.0.0 (clang-1200.0.32.29) default target x86_64-apple-darwin20.3.0]
  ignore line: [ignoring nonexistent directory "/Library/Developer/CommandLineTools/SDKs/MacOSX11.1.sdk/usr/local/include"]
  ignore line: [ignoring nonexistent directory "/Library/Developer/CommandLineTools/SDKs/MacOSX11.1.sdk/Library/Frameworks"]
  ignore line: [#include "..." search starts here:]
  ignore line: [#include <...> search starts here:]
  ignore line: [ /Library/Developer/CommandLineTools/usr/bin/../include/c++/v1]
  ignore line: [ /Library/Developer/CommandLineTools/usr/lib/clang/12.0.0/include]
  ignore line: [ /Library/Developer/CommandLineTools/SDKs/MacOSX11.1.sdk/usr/include]
  ignore line: [ /Library/Developer/CommandLineTools/usr/include]
  ignore line: [ /Library/Developer/CommandLineTools/SDKs/MacOSX11.1.sdk/System/Library/Frameworks (framework directory)]
  ignore line: [End of search list.]
  ignore line: [Linking CXX executable cmTC_37eaf]
  ignore line: [/opt/local/bin/cmake -E cmake_link_script CMakeFiles/cmTC_37eaf.dir/link.txt --verbose=1]
  ignore line: [/Library/Developer/CommandLineTools/usr/bin/c++  -isysroot /Library/Developer/CommandLineTools/SDKs/MacOSX11.1.sdk -Wl -search_paths_first -Wl -headerpad_max_install_names  -v -Wl -v CMakeFiles/cmTC_37eaf.dir/CMakeCXXCompilerABI.cpp.o -o cmTC_37eaf ]
  ignore line: [Apple clang version 12.0.0 (clang-1200.0.32.29)]
  ignore line: [Target: x86_64-apple-darwin20.3.0]
  ignore line: [Thread model: posix]
  ignore line: [InstalledDir: /Library/Developer/CommandLineTools/usr/bin]
  link line: [ "/Library/Developer/CommandLineTools/usr/bin/ld" -demangle -lto_library /Library/Developer/CommandLineTools/usr/lib/libLTO.dylib -dynamic -arch x86_64 -platform_version macos 11.0.0 11.1 -syslibroot /Library/Developer/CommandLineTools/SDKs/MacOSX11.1.sdk -o cmTC_37eaf -search_paths_first -headerpad_max_install_names -v CMakeFiles/cmTC_37eaf.dir/CMakeCXXCompilerABI.cpp.o -lc++ -lSystem /Library/Developer/CommandLineTools/usr/lib/clang/12.0.0/lib/darwin/libclang_rt.osx.a]
    arg [/Library/Developer/CommandLineTools/usr/bin/ld] ==> ignore
    arg [-demangle] ==> ignore
    arg [-lto_library] ==> ignore, skip following value
    arg [/Library/Developer/CommandLineTools/usr/lib/libLTO.dylib] ==> skip value of -lto_library
    arg [-dynamic] ==> ignore
    arg [-arch] ==> ignore
    arg [x86_64] ==> ignore
    arg [-platform_version] ==> ignore
    arg [macos] ==> ignore
    arg [11.0.0] ==> ignore
    arg [11.1] ==> ignore
    arg [-syslibroot] ==> ignore
    arg [/Library/Developer/CommandLineTools/SDKs/MacOSX11.1.sdk] ==> ignore
    arg [-o] ==> ignore
    arg [cmTC_37eaf] ==> ignore
    arg [-search_paths_first] ==> ignore
    arg [-headerpad_max_install_names] ==> ignore
    arg [-v] ==> ignore
    arg [CMakeFiles/cmTC_37eaf.dir/CMakeCXXCompilerABI.cpp.o] ==> ignore
    arg [-lc++] ==> lib [c++]
    arg [-lSystem] ==> lib [System]
    arg [/Library/Developer/CommandLineTools/usr/lib/clang/12.0.0/lib/darwin/libclang_rt.osx.a] ==> lib [/Library/Developer/CommandLineTools/usr/lib/clang/12.0.0/lib/darwin/libclang_rt.osx.a]
  Library search paths: [;/Library/Developer/CommandLineTools/SDKs/MacOSX11.1.sdk/usr/lib]
  Framework search paths: [;/Library/Developer/CommandLineTools/SDKs/MacOSX11.1.sdk/System/Library/Frameworks/]
  remove lib [System]
  remove lib [/Library/Developer/CommandLineTools/usr/lib/clang/12.0.0/lib/darwin/libclang_rt.osx.a]
  collapse library dir [/Library/Developer/CommandLineTools/SDKs/MacOSX11.1.sdk/usr/lib] ==> [/Library/Developer/CommandLineTools/SDKs/MacOSX11.1.sdk/usr/lib]
  collapse framework dir [/Library/Developer/CommandLineTools/SDKs/MacOSX11.1.sdk/System/Library/Frameworks/] ==> [/Library/Developer/CommandLineTools/SDKs/MacOSX11.1.sdk/System/Library/Frameworks]
  implicit libs: [c++]
  implicit dirs: [/Library/Developer/CommandLineTools/SDKs/MacOSX11.1.sdk/usr/lib]
  implicit fwks: [/Library/Developer/CommandLineTools/SDKs/MacOSX11.1.sdk/System/Library/Frameworks]


